<?xml version="1.0" encoding="UTF-8"?>
<!-- Generated by org.testng.reporters.JUnitReportReporter -->
<testsuite hostname="Praveen" failures="1" tests="1" name="categoryVerification.EcomTest" time="35.156" errors="0" timestamp="2025-12-22T10:54:08 IST" skipped="0">
  <testcase classname="categoryVerification.EcomTest" name="CategoryVerification" time="35.156">
    <failure message="The following asserts failed:
	Mandatory field validation error displayed" type="java.lang.AssertionError">
      <![CDATA[java.lang.AssertionError: The following asserts failed:
Mandatory field validation error displayed
at org.testng.asserts.SoftAssert.assertAll(SoftAssert.java:46)
at org.testng.asserts.SoftAssert.assertAll(SoftAssert.java:30)
at categoryVerification.EcomTest.CategoryVerification(EcomTest.java:224)
at java.base/jdk.internal.reflect.DirectMethodHandleAccessor.invoke(DirectMethodHandleAccessor.java:103)
at java.base/java.lang.reflect.Method.invoke(Method.java:580)
at org.testng.internal.invokers.MethodInvocationHelper.invokeMethod(MethodInvocationHelper.java:141)
at org.testng.internal.invokers.TestInvoker.invokeMethod(TestInvoker.java:687)
at org.testng.internal.invokers.TestInvoker.invokeTestMethod(TestInvoker.java:230)
at org.testng.internal.invokers.MethodRunner.runInSequence(MethodRunner.java:63)
at org.testng.internal.invokers.TestInvoker$MethodInvocationAgent.invoke(TestInvoker.java:995)
at org.testng.internal.invokers.TestInvoker.invokeTestMethods(TestInvoker.java:203)
at org.testng.internal.invokers.TestMethodWorker.invokeTestMethods(TestMethodWorker.java:154)
at org.testng.internal.invokers.TestMethodWorker.run(TestMethodWorker.java:134)
at java.base/java.util.ArrayList.forEach(ArrayList.java:1596)
at org.testng.TestRunner.privateRun(TestRunner.java:741)
at org.testng.TestRunner.run(TestRunner.java:616)
at org.testng.SuiteRunner.runTest(SuiteRunner.java:421)
at org.testng.SuiteRunner.runSequentially(SuiteRunner.java:413)
at org.testng.SuiteRunner.privateRun(SuiteRunner.java:373)
at org.testng.SuiteRunner.run(SuiteRunner.java:312)
at org.testng.SuiteRunnerWorker.runSuite(SuiteRunnerWorker.java:52)
at org.testng.SuiteRunnerWorker.run(SuiteRunnerWorker.java:95)
at org.testng.TestNG.runSuitesSequentially(TestNG.java:1274)
at org.testng.TestNG.runSuitesLocally(TestNG.java:1208)
at org.testng.TestNG.runSuites(TestNG.java:1112)
at org.testng.TestNG.run(TestNG.java:1079)
at org.testng.remote.AbstractRemoteTestNG.run(AbstractRemoteTestNG.java:115)
at org.testng.remote.RemoteTestNG.initAndRun(RemoteTestNG.java:293)
at org.testng.remote.RemoteTestNG.main(RemoteTestNG.java:91)
]]>
    </failure>
    <system-out>
      <![CDATA[CATEGORY LISTED:BOOKS
COMPUTERS
ELECTRONICS
APPAREL & SHOES
DIGITAL DOWNLOADS
JEWELRY
GIFT CARDS
SELECTED PRODUCT :APPAREL & SHOES
SUBCATEGORY LISTED
-50's Rockabilly Polka Dot Top JR Plus Size
11.00
-Blue and green Sneaker
11.00
-Blue Jeans
1.00
-Casual Golf Belt
1.00
-Custom T-Shirt
15.00
-Denim Short with Rhinestones
10.00
-Genuine Leather Handbag with Cell Phone Holder & Many Pockets
35.00
-Green and blue Sneaker
17.56

==== Product Selected ====
Name: Custom T-Shirt
Price: 15.00
URL: https://demowebshop.tricentis.com/custom-t-shirt
--------------------------
OUT OF STOCK ------→ Custom T-Shirt
Name: Blue Jeans
Price: 1.00
URL: https://demowebshop.tricentis.com/blue-jeans
--------------------------
ADD TO CART SUCCESSFULLY -----→ Blue Jeans
============== SUMMARY ==============
ADD TO CART SUCCESSFULLY → 1[Blue Jeans]
FAILED TO ADD CART  → 1[Custom T-Shirt]]]>
    </system-out>
  </testcase> <!-- CategoryVerification -->
  <system-out>
    <![CDATA[CATEGORY LISTED:BOOKS
COMPUTERS
ELECTRONICS
APPAREL & SHOES
DIGITAL DOWNLOADS
JEWELRY
GIFT CARDS
SELECTED PRODUCT :APPAREL & SHOES
SUBCATEGORY LISTED
-50's Rockabilly Polka Dot Top JR Plus Size
11.00
-Blue and green Sneaker
11.00
-Blue Jeans
1.00
-Casual Golf Belt
1.00
-Custom T-Shirt
15.00
-Denim Short with Rhinestones
10.00
-Genuine Leather Handbag with Cell Phone Holder & Many Pockets
35.00
-Green and blue Sneaker
17.56

==== Product Selected ====
Name: Custom T-Shirt
Price: 15.00
URL: https://demowebshop.tricentis.com/custom-t-shirt
--------------------------
OUT OF STOCK ------→ Custom T-Shirt
Name: Blue Jeans
Price: 1.00
URL: https://demowebshop.tricentis.com/blue-jeans
--------------------------
ADD TO CART SUCCESSFULLY -----→ Blue Jeans
============== SUMMARY ==============
ADD TO CART SUCCESSFULLY → 1[Blue Jeans]
FAILED TO ADD CART  → 1[Custom T-Shirt]]]>
  </system-out>
</testsuite> <!-- categoryVerification.EcomTest -->
