<?xml version="1.0" encoding="UTF-8"?>
<testng-results ignored="0" total="1" passed="0" failed="1" skipped="0">
  <reporter-output>
    <line>
      <![CDATA[CATEGORY LISTED:BOOKS
COMPUTERS
ELECTRONICS
APPAREL & SHOES
DIGITAL DOWNLOADS
JEWELRY
GIFT CARDS]]>
    </line>
    <line>
      <![CDATA[SELECTED PRODUCT :APPAREL & SHOES]]>
    </line>
    <line>
      <![CDATA[SUBCATEGORY LISTED]]>
    </line>
    <line>
      <![CDATA[-50's Rockabilly Polka Dot Top JR Plus Size
11.00]]>
    </line>
    <line>
      <![CDATA[-Blue and green Sneaker
11.00]]>
    </line>
    <line>
      <![CDATA[-Blue Jeans
1.00]]>
    </line>
    <line>
      <![CDATA[-Casual Golf Belt
1.00]]>
    </line>
    <line>
      <![CDATA[-Custom T-Shirt
15.00]]>
    </line>
    <line>
      <![CDATA[-Denim Short with Rhinestones
10.00]]>
    </line>
    <line>
      <![CDATA[-Genuine Leather Handbag with Cell Phone Holder & Many Pockets
35.00]]>
    </line>
    <line>
      <![CDATA[-Green and blue Sneaker
17.56]]>
    </line>
    <line>
      <![CDATA[
==== Product Selected ====]]>
    </line>
    <line>
      <![CDATA[Name: Custom T-Shirt]]>
    </line>
    <line>
      <![CDATA[Price: 15.00]]>
    </line>
    <line>
      <![CDATA[URL: https://demowebshop.tricentis.com/custom-t-shirt]]>
    </line>
    <line>
      <![CDATA[--------------------------]]>
    </line>
    <line>
      <![CDATA[OUT OF STOCK ------→ Custom T-Shirt]]>
    </line>
    <line>
      <![CDATA[Name: Blue Jeans]]>
    </line>
    <line>
      <![CDATA[Price: 1.00]]>
    </line>
    <line>
      <![CDATA[URL: https://demowebshop.tricentis.com/blue-jeans]]>
    </line>
    <line>
      <![CDATA[--------------------------]]>
    </line>
    <line>
      <![CDATA[ADD TO CART SUCCESSFULLY -----→ Blue Jeans]]>
    </line>
    <line>
      <![CDATA[============== SUMMARY ==============]]>
    </line>
    <line>
      <![CDATA[ADD TO CART SUCCESSFULLY → 1[Blue Jeans]]]>
    </line>
    <line>
      <![CDATA[FAILED TO ADD CART  → 1[Custom T-Shirt]]]>
    </line>
  </reporter-output>
  <suite started-at="2025-12-22T10:53:01 IST" name="Default suite" finished-at="2025-12-22T10:54:08 IST" duration-ms="66762">
    <groups>
    </groups>
    <test started-at="2025-12-22T10:53:01 IST" name="Default test" finished-at="2025-12-22T10:54:08 IST" duration-ms="66762">
      <class name="categoryVerification.EcomTest">
        <test-method is-config="true" signature="launch()[pri:0, instance:categoryVerification.EcomTest@6f03482]" started-at="2025-12-22T10:53:01 IST" name="launch" finished-at="2025-12-22T10:53:32 IST" duration-ms="30697" status="PASS">
          <reporter-output>
          </reporter-output>
        </test-method> <!-- launch -->
        <test-method signature="CategoryVerification(java.util.Map)[pri:0, instance:categoryVerification.EcomTest@6f03482]" started-at="2025-12-22T10:53:32 IST" name="CategoryVerification" data-provider="LoginTestdata" finished-at="2025-12-22T10:54:07 IST" duration-ms="35156" status="FAIL">
          <params>
            <param index="0">
              <value>
                <![CDATA[{Confirmpassword=Kavin@123, Email=Kavin@gmail.com, Gender=Male, LastName=S, FirstName=Kavin, Password=Kavin@123}]]>
              </value>
            </param>
          </params>
          <exception class="java.lang.AssertionError">
            <message>
              <![CDATA[The following asserts failed:
Mandatory field validation error displayed]]>
            </message>
            <full-stacktrace>
              <![CDATA[java.lang.AssertionError: The following asserts failed:
Mandatory field validation error displayed
at org.testng.asserts.SoftAssert.assertAll(SoftAssert.java:46)
at org.testng.asserts.SoftAssert.assertAll(SoftAssert.java:30)
at categoryVerification.EcomTest.CategoryVerification(EcomTest.java:224)
at java.base/jdk.internal.reflect.DirectMethodHandleAccessor.invoke(DirectMethodHandleAccessor.java:103)
at java.base/java.lang.reflect.Method.invoke(Method.java:580)
at org.testng.internal.invokers.MethodInvocationHelper.invokeMethod(MethodInvocationHelper.java:141)
at org.testng.internal.invokers.TestInvoker.invokeMethod(TestInvoker.java:687)
at org.testng.internal.invokers.TestInvoker.invokeTestMethod(TestInvoker.java:230)
at org.testng.internal.invokers.MethodRunner.runInSequence(MethodRunner.java:63)
at org.testng.internal.invokers.TestInvoker$MethodInvocationAgent.invoke(TestInvoker.java:995)
at org.testng.internal.invokers.TestInvoker.invokeTestMethods(TestInvoker.java:203)
at org.testng.internal.invokers.TestMethodWorker.invokeTestMethods(TestMethodWorker.java:154)
at org.testng.internal.invokers.TestMethodWorker.run(TestMethodWorker.java:134)
at java.base/java.util.ArrayList.forEach(ArrayList.java:1596)
at org.testng.TestRunner.privateRun(TestRunner.java:741)
at org.testng.TestRunner.run(TestRunner.java:616)
at org.testng.SuiteRunner.runTest(SuiteRunner.java:421)
at org.testng.SuiteRunner.runSequentially(SuiteRunner.java:413)
at org.testng.SuiteRunner.privateRun(SuiteRunner.java:373)
at org.testng.SuiteRunner.run(SuiteRunner.java:312)
at org.testng.SuiteRunnerWorker.runSuite(SuiteRunnerWorker.java:52)
at org.testng.SuiteRunnerWorker.run(SuiteRunnerWorker.java:95)
at org.testng.TestNG.runSuitesSequentially(TestNG.java:1274)
at org.testng.TestNG.runSuitesLocally(TestNG.java:1208)
at org.testng.TestNG.runSuites(TestNG.java:1112)
at org.testng.TestNG.run(TestNG.java:1079)
at org.testng.remote.AbstractRemoteTestNG.run(AbstractRemoteTestNG.java:115)
at org.testng.remote.RemoteTestNG.initAndRun(RemoteTestNG.java:293)
at org.testng.remote.RemoteTestNG.main(RemoteTestNG.java:91)
]]>
            </full-stacktrace>
          </exception> <!-- java.lang.AssertionError -->
          <reporter-output>
            <line>
              <![CDATA[CATEGORY LISTED:BOOKS
COMPUTERS
ELECTRONICS
APPAREL & SHOES
DIGITAL DOWNLOADS
JEWELRY
GIFT CARDS]]>
            </line>
            <line>
              <![CDATA[SELECTED PRODUCT :APPAREL & SHOES]]>
            </line>
            <line>
              <![CDATA[SUBCATEGORY LISTED]]>
            </line>
            <line>
              <![CDATA[-50's Rockabilly Polka Dot Top JR Plus Size
11.00]]>
            </line>
            <line>
              <![CDATA[-Blue and green Sneaker
11.00]]>
            </line>
            <line>
              <![CDATA[-Blue Jeans
1.00]]>
            </line>
            <line>
              <![CDATA[-Casual Golf Belt
1.00]]>
            </line>
            <line>
              <![CDATA[-Custom T-Shirt
15.00]]>
            </line>
            <line>
              <![CDATA[-Denim Short with Rhinestones
10.00]]>
            </line>
            <line>
              <![CDATA[-Genuine Leather Handbag with Cell Phone Holder & Many Pockets
35.00]]>
            </line>
            <line>
              <![CDATA[-Green and blue Sneaker
17.56]]>
            </line>
            <line>
              <![CDATA[
==== Product Selected ====]]>
            </line>
            <line>
              <![CDATA[Name: Custom T-Shirt]]>
            </line>
            <line>
              <![CDATA[Price: 15.00]]>
            </line>
            <line>
              <![CDATA[URL: https://demowebshop.tricentis.com/custom-t-shirt]]>
            </line>
            <line>
              <![CDATA[--------------------------]]>
            </line>
            <line>
              <![CDATA[OUT OF STOCK ------→ Custom T-Shirt]]>
            </line>
            <line>
              <![CDATA[Name: Blue Jeans]]>
            </line>
            <line>
              <![CDATA[Price: 1.00]]>
            </line>
            <line>
              <![CDATA[URL: https://demowebshop.tricentis.com/blue-jeans]]>
            </line>
            <line>
              <![CDATA[--------------------------]]>
            </line>
            <line>
              <![CDATA[ADD TO CART SUCCESSFULLY -----→ Blue Jeans]]>
            </line>
            <line>
              <![CDATA[============== SUMMARY ==============]]>
            </line>
            <line>
              <![CDATA[ADD TO CART SUCCESSFULLY → 1[Blue Jeans]]]>
            </line>
            <line>
              <![CDATA[FAILED TO ADD CART  → 1[Custom T-Shirt]]]>
            </line>
          </reporter-output>
        </test-method> <!-- CategoryVerification -->
        <test-method is-config="true" signature="closeBrowser()[pri:0, instance:categoryVerification.EcomTest@6f03482]" started-at="2025-12-22T10:54:08 IST" name="closeBrowser" finished-at="2025-12-22T10:54:08 IST" duration-ms="375" status="PASS">
          <reporter-output>
          </reporter-output>
        </test-method> <!-- closeBrowser -->
      </class> <!-- categoryVerification.EcomTest -->
    </test> <!-- Default test -->
  </suite> <!-- Default suite -->
</testng-results>
